<?xml version="1.0" encoding="UTF-8"?>
<!-- Generated by org.testng.reporters.JUnitReportReporter -->
<testsuite skipped="0" hostname="Admin-PC" name="testrunners.TestRunner" tests="1" failures="0" timestamp="2023-07-30T12:57:57 IST" time="9.705" errors="0">
  <testcase name="runScenario" time="9.705" classname="testrunners.TestRunner"/>
  <system-out/>
</testsuite> <!-- testrunners.TestRunner -->
