<?xml version="1.0" encoding="UTF-8"?>
<!-- Generated by org.testng.reporters.JUnitReportReporter -->
<testsuite skipped="0" hostname="Admin-PC" name="testrunners.TestRunner" tests="1" failures="0" timestamp="2023-08-01T22:31:40 IST" time="13.346" errors="0">
  <testcase name="runScenario" time="13.346" classname="testrunners.TestRunner"/>
  <system-out/>
</testsuite> <!-- testrunners.TestRunner -->
